 GNU assembler version 2.42 (x86_64-linux-gnu)
	 using BFD version (GNU Binutils for Ubuntu) 2.42.
 options passed	: -I --64 -aghlns=src/main.c.lst 
 input file    	: /tmp/ccNFh8fr.s
 output file   	: sdl2/main.o
 target        	: x86_64-pc-linux-gnu
 time stamp    	: 2025-03-16T09:20:34.000-0400

   1              		.file	"main.c"
   2              		.text
   3              		.section	.text.startup,"ax",@progbits
   4              		.p2align 4
   5              		.globl	main
   6              		.type	main, @function
   7              	main:
   8              	.LFB6512:
   9              		.cfi_startproc
  10 0000 F30F1EFA 		endbr64
  11 0004 4883EC08 		subq	$8, %rsp
  12              		.cfi_def_cfa_offset 16
  13 0008 BE280000 		movl	$40, %esi
  13      00
  14 000d BF030000 		movl	$3, %edi
  14      00
  15 0012 E8000000 		call	setup@PLT
  15      00
  16 0017 31C0     		xorl	%eax, %eax
  17 0019 E8000000 		call	init_heap@PLT
  17      00
  18 001e 488D3500 		leaq	vram_buffer(%rip), %rsi
  18      000000
  19 0025 488D3D00 		leaq	vram_main(%rip), %rdi
  19      000000
  20 002c E8000000 		call	dgetvram@PLT
  20      00
  21 0031 31C0     		xorl	%eax, %eax
  22 0033 E8000000 		call	window_manager@PLT
  22      00
  23 0038 31C0     		xorl	%eax, %eax
  24 003a 4883C408 		addq	$8, %rsp
  25              		.cfi_def_cfa_offset 8
  26 003e C3       		ret
  27              		.cfi_endproc
  28              	.LFE6512:
  29              		.size	main, .-main
  30              		.ident	"GCC: (Ubuntu 13.3.0-6ubuntu2~24.04) 13.3.0"
  31              		.section	.note.GNU-stack,"",@progbits
  32              		.section	.note.gnu.property,"a"
  33              		.align 8
  34 0000 04000000 		.long	1f - 0f
  35 0004 10000000 		.long	4f - 1f
  36 0008 05000000 		.long	5
  37              	0:
  38 000c 474E5500 		.string	"GNU"
  39              	1:
  40              		.align 8
  41 0010 020000C0 		.long	0xc0000002
  42 0014 04000000 		.long	3f - 2f
  43              	2:
  44 0018 03000000 		.long	0x3
  45              	3:
  46 001c 00000000 		.align 8
  47              	4:
DEFINED SYMBOLS
                            *ABS*:0000000000000000 main.c
     /tmp/ccNFh8fr.s:7      .text.startup:0000000000000000 main

UNDEFINED SYMBOLS
setup
init_heap
vram_buffer
vram_main
dgetvram
window_manager
