 GNU assembler version 2.42 (x86_64-linux-gnu)
	 using BFD version (GNU Binutils for Ubuntu) 2.42.
 options passed	: -I --64 -aghlns=src/manager.c.lst 
 input file    	: /tmp/cc2CsMNf.s
 output file   	: sdl2/manager.o
 target        	: x86_64-pc-linux-gnu
 time stamp    	: 2025-03-16T09:20:34.000-0400

   1              		.file	"manager.c"
   2              		.text
   3              		.p2align 4
   4              		.globl	window_manager
   5              		.type	window_manager, @function
   6              	window_manager:
   7              	.LFB6512:
   8              		.cfi_startproc
   9 0000 F30F1EFA 		endbr64
  10 0004 4157     		pushq	%r15
  11              		.cfi_def_cfa_offset 16
  12              		.cfi_offset 15, -16
  13 0006 4156     		pushq	%r14
  14              		.cfi_def_cfa_offset 24
  15              		.cfi_offset 14, -24
  16 0008 4155     		pushq	%r13
  17              		.cfi_def_cfa_offset 32
  18              		.cfi_offset 13, -32
  19 000a 4154     		pushq	%r12
  20              		.cfi_def_cfa_offset 40
  21              		.cfi_offset 12, -40
  22 000c 4531E4   		xorl	%r12d, %r12d
  23 000f 55       		pushq	%rbp
  24              		.cfi_def_cfa_offset 48
  25              		.cfi_offset 6, -48
  26 0010 31ED     		xorl	%ebp, %ebp
  27 0012 53       		pushq	%rbx
  28              		.cfi_def_cfa_offset 56
  29              		.cfi_offset 3, -56
  30 0013 4881EC58 		subq	$344, %rsp
  30      010000
  31              		.cfi_def_cfa_offset 400
  32 001a 0FB71500 		movzwl	.LC1(%rip), %edx
  32      000000
  33 0021 660F6F05 		movdqa	.LC2(%rip), %xmm0
  33      00000000 
  34 0029 64488B04 		movq	%fs:40, %rax
  34      25280000 
  34      00
  35 0032 48898424 		movq	%rax, 328(%rsp)
  35      48010000 
  36 003a 31C0     		xorl	%eax, %eax
  37 003c 488B0500 		movq	.LC0(%rip), %rax
  37      000000
  38 0043 C644245A 		movb	$0, 90(%rsp)
  38      00
  39 0048 4C8D6C24 		leaq	80(%rsp), %r13
  39      50
  40 004d 488B0D00 		movq	.LC4(%rip), %rcx
  40      000000
  41 0054 0F114424 		movups	%xmm0, 92(%rsp)
  41      5C
  42 0059 48894424 		movq	%rax, 80(%rsp)
  42      50
  43 005e 488B0500 		movq	.LC3(%rip), %rax
  43      000000
  44 0065 66895424 		movw	%dx, 88(%rsp)
  44      58
  45 006a 48894424 		movq	%rax, 108(%rsp)
  45      6C
  46 006f 48898424 		movq	%rax, 148(%rsp)
  46      94000000 
  47 0077 C7442474 		movl	$0, 116(%rsp)
  47      00000000 
  48 007f 48894C24 		movq	%rcx, 120(%rsp)
  48      78
  49 0084 66899424 		movw	%dx, 128(%rsp)
  49      80000000 
  50 008c C6842482 		movb	$0, 130(%rsp)
  50      00000000 
  51 0094 C784249C 		movl	$1, 156(%rsp)
  51      00000001 
  51      000000
  52 009f 488B0D00 		movq	.LC5(%rip), %rcx
  52      000000
  53 00a6 0F118424 		movups	%xmm0, 292(%rsp)
  53      24010000 
  54 00ae 660F6F05 		movdqa	.LC9(%rip), %xmm0
  54      00000000 
  55 00b6 48898C24 		movq	%rcx, 160(%rsp)
  55      A0000000 
  56 00be 488B0D00 		movq	.LC6(%rip), %rcx
  56      000000
  57 00c5 0F118424 		movups	%xmm0, 132(%rsp)
  57      84000000 
  58 00cd 660F6F05 		movdqa	.LC10(%rip), %xmm0
  58      00000000 
  59 00d5 48898C24 		movq	%rcx, 200(%rsp)
  59      C8000000 
  60 00dd 488B0D00 		movq	.LC7(%rip), %rcx
  60      000000
  61 00e4 0F118424 		movups	%xmm0, 172(%rsp)
  61      AC000000 
  62 00ec 660F6F05 		movdqa	.LC11(%rip), %xmm0
  62      00000000 
  63 00f4 48898C24 		movq	%rcx, 240(%rsp)
  63      F0000000 
  64 00fc 488B0D00 		movq	.LC8(%rip), %rcx
  64      000000
  65 0103 0F118424 		movups	%xmm0, 212(%rsp)
  65      D4000000 
  66 010b 660F6F05 		movdqa	.LC12(%rip), %xmm0
  66      00000000 
  67 0113 48898424 		movq	%rax, 188(%rsp)
  67      BC000000 
  68 011b 48898424 		movq	%rax, 228(%rsp)
  68      E4000000 
  69 0123 48898424 		movq	%rax, 268(%rsp)
  69      0C010000 
  70 012b 48898424 		movq	%rax, 308(%rsp)
  70      34010000 
  71 0133 488D8424 		leaq	326(%rsp), %rax
  71      46010000 
  72 013b 66899424 		movw	%dx, 168(%rsp)
  72      A8000000 
  73 0143 C68424AA 		movb	$0, 170(%rsp)
  73      00000000 
  74 014b C78424C4 		movl	$2, 196(%rsp)
  74      00000002 
  74      000000
  75 0156 66899424 		movw	%dx, 208(%rsp)
  75      D0000000 
  76 015e C68424D2 		movb	$0, 210(%rsp)
  76      00000000 
  77 0166 C78424EC 		movl	$3, 236(%rsp)
  77      00000003 
  77      000000
  78 0171 66899424 		movw	%dx, 248(%rsp)
  78      F8000000 
  79 0179 C68424FA 		movb	$0, 250(%rsp)
  79      00000000 
  80 0181 C7842414 		movl	$4, 276(%rsp)
  80      01000004 
  80      000000
  81 018c 48898C24 		movq	%rcx, 280(%rsp)
  81      18010000 
  82 0194 66899424 		movw	%dx, 288(%rsp)
  82      20010000 
  83 019c C6842422 		movb	$0, 290(%rsp)
  83      01000000 
  84 01a4 C784243C 		movl	$5, 316(%rsp)
  84      01000005 
  84      000000
  85 01af 0F118424 		movups	%xmm0, 252(%rsp)
  85      FC000000 
  86 01b7 48894424 		movq	%rax, 24(%rsp)
  86      18
  87 01bc 4C896C24 		movq	%r13, 8(%rsp)
  87      08
  88              		.p2align 4,,10
  89 01c1 0F1F8000 		.p2align 3
  89      000000
  90              	.L2:
  91 01c8 31FF     		xorl	%edi, %edi
  92 01ca 41BE1200 		movl	$18, %r14d
  92      0000
  93 01d0 4C8D2D00 		leaq	manager_colors(%rip), %r13
  93      000000
  94 01d7 E8000000 		call	dclear@PLT
  94      00
  95 01dc 41B91084 		movl	$33808, %r9d
  95      0000
  96 01e2 31F6     		xorl	%esi, %esi
  97 01e4 31FF     		xorl	%edi, %edi
  98 01e6 41B81084 		movl	$33808, %r8d
  98      0000
  99 01ec B90C0000 		movl	$12, %ecx
  99      00
 100 01f1 BA120000 		movl	$18, %edx
 100      00
 101 01f6 E8000000 		call	draw_rect@PLT
 101      00
 102 01fb B8200000 		movl	$32, %eax
 102      00
 103 0200 4883EC08 		subq	$8, %rsp
 104              		.cfi_def_cfa_offset 408
 105 0204 31F6     		xorl	%esi, %esi
 106 0206 66898424 		movw	%ax, 334(%rsp)
 106      4E010000 
 107 020e 4531C9   		xorl	%r9d, %r9d
 108 0211 41B81084 		movl	$33808, %r8d
 108      0000
 109 0217 B9108400 		movl	$33808, %ecx
 109      00
 110 021c 6A00     		pushq	$0
 111              		.cfi_def_cfa_offset 416
 112 021e 488B5C24 		movq	40(%rsp), %rbx
 112      28
 113 0223 BA108400 		movl	$33808, %edx
 113      00
 114 0228 4889DF   		movq	%rbx, %rdi
 115 022b E8000000 		call	outline_text@PLT
 115      00
 116 0230 BA108400 		movl	$33808, %edx
 116      00
 117 0235 4889DF   		movq	%rbx, %rdi
 118 0238 4531C9   		xorl	%r9d, %r9d
 119 023b 4889C6   		movq	%rax, %rsi
 120 023e 41B81084 		movl	$33808, %r8d
 120      0000
 121 0244 B9108400 		movl	$33808, %ecx
 121      00
 122 0249 31DB     		xorl	%ebx, %ebx
 123 024b C6842456 		movb	$32, 342(%rsp)
 123      01000020 
 124 0253 C7042400 		movl	$0, (%rsp)
 124      000000
 125 025a E8000000 		call	outline_text@PLT
 125      00
 126 025f 4C8B7C24 		movq	24(%rsp), %r15
 126      18
 127 0264 58       		popq	%rax
 128              		.cfi_def_cfa_offset 408
 129 0265 5A       		popq	%rdx
 130              		.cfi_def_cfa_offset 400
 131 0266 4C896424 		movq	%r12, 16(%rsp)
 131      10
 132 026b EB35     		jmp	.L12
 133 026d 0F1F00   		.p2align 4,,10
 134              		.p2align 3
 135              	.L4:
 136 0270 4883EC08 		subq	$8, %rsp
 137              		.cfi_def_cfa_offset 408
 138 0274 31D2     		xorl	%edx, %edx
 139 0276 4C89F6   		movq	%r14, %rsi
 140 0279 4531C9   		xorl	%r9d, %r9d
 141 027c 6A00     		pushq	$0
 142              		.cfi_def_cfa_offset 416
 143 027e 4531C0   		xorl	%r8d, %r8d
 144 0281 4C89FF   		movq	%r15, %rdi
 145 0284 E8000000 		call	outline_text@PLT
 145      00
 146 0289 4989C6   		movq	%rax, %r14
 147 028c 58       		popq	%rax
 148              		.cfi_def_cfa_offset 408
 149 028d 5A       		popq	%rdx
 150              		.cfi_def_cfa_offset 400
 151              	.L9:
 152 028e 83C301   		addl	$1, %ebx
 153 0291 4983C502 		addq	$2, %r13
 154 0295 4983C728 		addq	$40, %r15
 155 0299 83FB06   		cmpl	$6, %ebx
 156 029c 0F84EE00 		je	.L32
 156      0000
 157              	.L12:
 158 02a2 410FB74D 		movzwl	0(%r13), %ecx
 158      00
 159 02a7 39DD     		cmpl	%ebx, %ebp
 160 02a9 75C5     		jne	.L4
 161 02ab 4883EC08 		subq	$8, %rsp
 162              		.cfi_def_cfa_offset 408
 163 02af 4C89F6   		movq	%r14, %rsi
 164 02b2 4531C9   		xorl	%r9d, %r9d
 165 02b5 41B8DFFF 		movl	$-33, %r8d
 165      FFFF
 166 02bb 6A00     		pushq	$0
 167              		.cfi_def_cfa_offset 416
 168 02bd BADFFFFF 		movl	$-33, %edx
 168      FF
 169 02c2 4C89FF   		movq	%r15, %rdi
 170 02c5 E8000000 		call	outline_text@PLT
 170      00
 171 02ca 415C     		popq	%r12
 172              		.cfi_def_cfa_offset 408
 173 02cc 4531E4   		xorl	%r12d, %r12d
 174 02cf 4989C6   		movq	%rax, %r14
 175 02d2 58       		popq	%rax
 176              		.cfi_def_cfa_offset 400
 177              	.L5:
 178 02d3 4489E2   		movl	%r12d, %edx
 179 02d6 450FB745 		movzwl	0(%r13), %r8d
 179      00
 180 02db 418D7424 		leal	12(%r12), %esi
 180      0C
 181 02e0 4489E7   		movl	%r12d, %edi
 182 02e3 F7DA     		negl	%edx
 183 02e5 41B9FFFF 		movl	$-1, %r9d
 183      FFFF
 184 02eb 4183C401 		addl	$1, %r12d
 185 02ef 01D2     		addl	%edx, %edx
 186 02f1 8D8AD400 		leal	212(%rdx), %ecx
 186      0000
 187 02f7 81C28C01 		addl	$396, %edx
 187      0000
 188 02fd E8000000 		call	draw_rect@PLT
 188      00
 189 0302 4183FC04 		cmpl	$4, %r12d
 190 0306 75CB     		jne	.L5
 191 0308 418B470C 		movl	12(%r15), %eax
 192 030c 83F801   		cmpl	$1, %eax
 193 030f 0F84AB01 		je	.L33
 193      0000
 194 0315 83F802   		cmpl	$2, %eax
 195 0318 0F8570FF 		jne	.L9
 195      FFFF
 196 031e 41BCC400 		movl	$196, %r12d
 196      0000
 197              	.L10:
 198 0324 410FBF4D 		movswl	0(%r13), %ecx
 198      00
 199 0329 4489E7   		movl	%r12d, %edi
 200 032c BADB0000 		movl	$219, %edx
 200      00
 201 0331 BE100000 		movl	$16, %esi
 201      00
 202 0336 4183C401 		addl	$1, %r12d
 203 033a E8000000 		call	draw_line_vert@PLT
 203      00
 204 033f 4181FCC8 		cmpl	$200, %r12d
 204      000000
 205 0346 75DC     		jne	.L10
 206 0348 458B5710 		movl	16(%r15), %r10d
 207 034c 41B9FFFF 		movl	$-1, %r9d
 207      FFFF
 208 0352 41B8DFFF 		movl	$65503, %r8d
 208      0000
 209 0358 B9D00000 		movl	$208, %ecx
 209      00
 210 035d BAC40000 		movl	$196, %edx
 210      00
 211 0362 BE0E0000 		movl	$14, %esi
 211      00
 212 0367 4585D2   		testl	%r10d, %r10d
 213 036a 0F85BE01 		jne	.L11
 213      0000
 214 0370 BF020000 		movl	$2, %edi
 214      00
 215 0375 83C301   		addl	$1, %ebx
 216 0378 4983C502 		addq	$2, %r13
 217 037c 4983C728 		addq	$40, %r15
 218 0380 E8000000 		call	draw_rect@PLT
 218      00
 219 0385 83FB06   		cmpl	$6, %ebx
 220 0388 0F8514FF 		jne	.L12
 220      FFFF
 221 038e 6690     		.p2align 4,,10
 222              		.p2align 3
 223              	.L32:
 224 0390 4C8B6424 		movq	16(%rsp), %r12
 224      10
 225 0395 488B7424 		movq	8(%rsp), %rsi
 225      08
 226 039a 4B8D04A4 		leaq	(%r12,%r12,4), %rax
 227 039e 488D04C6 		leaq	(%rsi,%rax,8), %rax
 228 03a2 F30F6F08 		movdqu	(%rax), %xmm1
 229 03a6 F30F6F50 		movdqu	16(%rax), %xmm2
 229      10
 230 03ab 488B5020 		movq	32(%rax), %rdx
 231 03af 8B780C   		movl	12(%rax), %edi
 232 03b2 0F294C24 		movaps	%xmm1, 32(%rsp)
 232      20
 233 03b7 48895424 		movq	%rdx, 64(%rsp)
 233      40
 234 03bc 0F295424 		movaps	%xmm2, 48(%rsp)
 234      30
 235 03c1 85FF     		testl	%edi, %edi
 236 03c3 7420     		je	.L13
 237 03c5 48634010 		movslq	16(%rax), %rax
 238 03c9 488D1D00 		leaq	menu_functions(%rip), %rbx
 238      000000
 239 03d0 31C9     		xorl	%ecx, %ecx
 240 03d2 89EA     		movl	%ebp, %edx
 241 03d4 BF020000 		movl	$2, %edi
 241      00
 242 03d9 4883F001 		xorq	$1, %rax
 243 03dd 486344C4 		movslq	52(%rsp,%rax,8), %rax
 243      34
 244 03e2 FF14C3   		call	*(%rbx,%rax,8)
 245              	.L13:
 246 03e5 E8000000 		call	dupdate@PLT
 246      00
 247 03ea 4B8D14A4 		leaq	(%r12,%r12,4), %rdx
 248 03ee 48C1E203 		salq	$3, %rdx
 249 03f2 48634414 		movslq	92(%rsp,%rdx), %rax
 249      5C
 250 03f7 85C0     		testl	%eax, %eax
 251 03f9 7405     		je	.L14
 252 03fb 48634414 		movslq	96(%rsp,%rdx), %rax
 252      60
 253              	.L14:
 254 0400 4B8D14A4 		leaq	(%r12,%r12,4), %rdx
 255 0404 488B7424 		movq	8(%rsp), %rsi
 255      08
 256 0409 31C9     		xorl	%ecx, %ecx
 257 040b BF010000 		movl	$1, %edi
 257      00
 258 0410 488D4410 		leaq	2(%rax,%rdx), %rax
 258      02
 259 0415 488D1D00 		leaq	menu_functions(%rip), %rbx
 259      000000
 260 041c 89EA     		movl	%ebp, %edx
 261 041e 486344C4 		movslq	84(%rsp,%rax,8), %rax
 261      54
 262 0423 FF14C3   		call	*(%rbx,%rax,8)
 263 0426 8D50FC   		leal	-4(%rax), %edx
 264 0429 83FA09   		cmpl	$9, %edx
 265 042c 0F8796FD 		ja	.L2
 265      FFFF
 266 0432 488D3D00 		leaq	.L16(%rip), %rdi
 266      000000
 267 0439 48631497 		movslq	(%rdi,%rdx,4), %rdx
 268 043d 4801FA   		addq	%rdi, %rdx
 269 0440 3EFFE2   		notrack jmp	*%rdx
 270              		.section	.rodata
 271              		.align 4
 272              		.align 4
 273              	.L16:
 274 0000 00000000 		.long	.L20-.L16
 275 0004 00000000 		.long	.L19-.L16
 276 0008 00000000 		.long	.L18-.L16
 277 000c 00000000 		.long	.L17-.L16
 278 0010 00000000 		.long	.L15-.L16
 279 0014 00000000 		.long	.L15-.L16
 280 0018 00000000 		.long	.L15-.L16
 281 001c 00000000 		.long	.L15-.L16
 282 0020 00000000 		.long	.L15-.L16
 283 0024 00000000 		.long	.L15-.L16
 284              		.text
 285              		.p2align 4,,10
 286 0443 0F1F4400 		.p2align 3
 286      00
 287              	.L15:
 288 0448 8D68F8   		leal	-8(%rax), %ebp
 289 044b 4C63E5   		movslq	%ebp, %r12
 290 044e E975FDFF 		jmp	.L2
 290      FF
 291              		.p2align 4,,10
 292 0453 0F1F4400 		.p2align 3
 292      00
 293              	.L17:
 294 0458 4B8D04A4 		leaq	(%r12,%r12,4), %rax
 295 045c 8B4CC45C 		movl	92(%rsp,%rax,8), %ecx
 296 0460 488D14C5 		leaq	0(,%rax,8), %rdx
 296      00000000 
 297 0468 85C9     		testl	%ecx, %ecx
 298 046a 0F8458FD 		je	.L2
 298      FFFF
 299 0470 83741460 		xorl	$1, 96(%rsp,%rdx)
 299      01
 300 0475 E94EFDFF 		jmp	.L2
 300      FF
 301 047a 660F1F44 		.p2align 4,,10
 301      0000
 302              		.p2align 3
 303              	.L18:
 304 0480 BF010000 		movl	$1, %edi
 304      00
 305 0485 E8000000 		call	gint_poweroff@PLT
 305      00
 306 048a E939FDFF 		jmp	.L2
 306      FF
 307 048f 90       		.p2align 4,,10
 308              		.p2align 3
 309              	.L19:
 310 0490 31C0     		xorl	%eax, %eax
 311 0492 E8000000 		call	gint_osmenu@PLT
 311      00
 312 0497 E92CFDFF 		jmp	.L2
 312      FF
 313 049c 0F1F4000 		.p2align 4,,10
 314              		.p2align 3
 315              	.L20:
 316 04a0 4B8D04A4 		leaq	(%r12,%r12,4), %rax
 317 04a4 486354C4 		movslq	96(%rsp,%rax,8), %rdx
 317      60
 318 04a9 488D4410 		leaq	2(%rax,%rdx), %rax
 318      02
 319 04ae C744C454 		movl	$8, 84(%rsp,%rax,8)
 319      08000000 
 320 04b6 E90DFDFF 		jmp	.L2
 320      FF
 321 04bb 0F1F4400 		.p2align 4,,10
 321      00
 322              		.p2align 3
 323              	.L33:
 324 04c0 41BC7400 		movl	$116, %r12d
 324      0000
 325              	.L7:
 326 04c6 410FBF4D 		movswl	0(%r13), %ecx
 326      00
 327 04cb 4489E2   		movl	%r12d, %edx
 328 04ce BE870100 		movl	$391, %esi
 328      00
 329 04d3 BF040000 		movl	$4, %edi
 329      00
 330 04d8 4183C401 		addl	$1, %r12d
 331 04dc E8000000 		call	draw_line_horz@PLT
 331      00
 332 04e1 4183FC78 		cmpl	$120, %r12d
 333 04e5 75DF     		jne	.L7
 334 04e7 458B5F10 		movl	16(%r15), %r11d
 335 04eb 41B9FFFF 		movl	$-1, %r9d
 335      FFFF
 336 04f1 41B8DFFF 		movl	$65503, %r8d
 336      0000
 337 04f7 B9680000 		movl	$104, %ecx
 337      00
 338 04fc BA880100 		movl	$392, %edx
 338      00
 339 0501 4585DB   		testl	%r11d, %r11d
 340 0504 7514     		jne	.L8
 341 0506 BE0E0000 		movl	$14, %esi
 341      00
 342 050b BF020000 		movl	$2, %edi
 342      00
 343 0510 E8000000 		call	draw_rect@PLT
 343      00
 344 0515 E974FDFF 		jmp	.L9
 344      FF
 345              	.L8:
 346 051a BE760000 		movl	$118, %esi
 346      00
 347 051f BF020000 		movl	$2, %edi
 347      00
 348 0524 E8000000 		call	draw_rect@PLT
 348      00
 349 0529 E960FDFF 		jmp	.L9
 349      FF
 350              	.L11:
 351 052e BFC60000 		movl	$198, %edi
 351      00
 352 0533 E8000000 		call	draw_rect@PLT
 352      00
 353 0538 E951FDFF 		jmp	.L9
 353      FF
 354              		.cfi_endproc
 355              	.LFE6512:
 356              		.size	window_manager, .-window_manager
 357 053d 0F1F00   		.p2align 4
 358              		.globl	draw_modifier
 359              		.type	draw_modifier, @function
 360              	draw_modifier:
 361              	.LFB6513:
 362              		.cfi_startproc
 363 0540 F30F1EFA 		endbr64
 364 0544 55       		pushq	%rbp
 365              		.cfi_def_cfa_offset 16
 366              		.cfi_offset 6, -16
 367 0545 41BB2000 		movl	$32, %r11d
 367      0000
 368 054b 53       		pushq	%rbx
 369              		.cfi_def_cfa_offset 24
 370              		.cfi_offset 3, -24
 371 054c 89FB     		movl	%edi, %ebx
 372 054e 4883EC18 		subq	$24, %rsp
 373              		.cfi_def_cfa_offset 48
 374 0552 64488B04 		movq	%fs:40, %rax
 374      25280000 
 374      00
 375 055b 48894424 		movq	%rax, 8(%rsp)
 375      08
 376 0560 31C0     		xorl	%eax, %eax
 377 0562 6644895C 		movw	%r11w, 6(%rsp)
 377      2406
 378 0568 83FB04   		cmpl	$4, %ebx
 379 056b 0F8E9F00 		jle	.L52
 379      0000
 380 0571 8D43FB   		leal	-5(%rbx), %eax
 381 0574 83F804   		cmpl	$4, %eax
 382 0577 7777     		ja	.L34
 383 0579 C6442406 		movb	$83, 6(%rsp)
 383      53
 384 057e 488D6C24 		leaq	6(%rsp), %rbp
 384      06
 385 0583 4883EC08 		subq	$8, %rsp
 386              		.cfi_def_cfa_offset 56
 387 0587 31D2     		xorl	%edx, %edx
 388 0589 6A00     		pushq	$0
 389              		.cfi_def_cfa_offset 64
 390 058b 4531C9   		xorl	%r9d, %r9d
 391 058e 4531C0   		xorl	%r8d, %r8d
 392 0591 B900C600 		movl	$50688, %ecx
 392      00
 393              	.L49:
 394 0596 31F6     		xorl	%esi, %esi
 395 0598 4889EF   		movq	%rbp, %rdi
 396 059b E8000000 		call	outline_text@PLT
 396      00
 397 05a0 4159     		popq	%r9
 398              		.cfi_def_cfa_offset 56
 399 05a2 415A     		popq	%r10
 400              		.cfi_def_cfa_offset 48
 401 05a4 4889C6   		movq	%rax, %rsi
 402 05a7 83FB09   		cmpl	$9, %ebx
 403 05aa 0F87E000 		ja	.L40
 403      0000
 404 05b0 488D1500 		leaq	.L42(%rip), %rdx
 404      000000
 405 05b7 4863049A 		movslq	(%rdx,%rbx,4), %rax
 406 05bb 4801D0   		addq	%rdx, %rax
 407 05be 3EFFE0   		notrack jmp	*%rax
 408              		.section	.rodata
 409              		.align 4
 410              		.align 4
 411              	.L42:
 412 0028 00000000 		.long	.L40-.L42
 413 002c 00000000 		.long	.L45-.L42
 414 0030 00000000 		.long	.L44-.L42
 415 0034 00000000 		.long	.L43-.L42
 416 0038 00000000 		.long	.L41-.L42
 417 003c 00000000 		.long	.L40-.L42
 418 0040 00000000 		.long	.L45-.L42
 419 0044 00000000 		.long	.L44-.L42
 420 0048 00000000 		.long	.L43-.L42
 421 004c 00000000 		.long	.L41-.L42
 422              		.text
 423              		.p2align 4,,10
 424 05c1 0F1F8000 		.p2align 3
 424      000000
 425              	.L41:
 426 05c8 C6442406 		movb	$65, 6(%rsp)
 426      41
 427              	.L50:
 428 05cd 4883EC08 		subq	$8, %rsp
 429              		.cfi_def_cfa_offset 56
 430 05d1 BADFFF00 		movl	$65503, %edx
 430      00
 431 05d6 4531C9   		xorl	%r9d, %r9d
 432 05d9 4889EF   		movq	%rbp, %rdi
 433 05dc 6A00     		pushq	$0
 434              		.cfi_def_cfa_offset 64
 435 05de 41B800C0 		movl	$49152, %r8d
 435      0000
 436 05e4 B900C000 		movl	$49152, %ecx
 436      00
 437 05e9 E8000000 		call	outline_text@PLT
 437      00
 438 05ee 58       		popq	%rax
 439              		.cfi_def_cfa_offset 56
 440 05ef 5A       		popq	%rdx
 441              		.cfi_def_cfa_offset 48
 442              	.L34:
 443 05f0 488B4424 		movq	8(%rsp), %rax
 443      08
 444 05f5 64482B04 		subq	%fs:40, %rax
 444      25280000 
 444      00
 445 05fe 0F85BA00 		jne	.L53
 445      0000
 446 0604 4883C418 		addq	$24, %rsp
 447              		.cfi_remember_state
 448              		.cfi_def_cfa_offset 24
 449 0608 5B       		popq	%rbx
 450              		.cfi_def_cfa_offset 16
 451 0609 5D       		popq	%rbp
 452              		.cfi_def_cfa_offset 8
 453 060a C3       		ret
 454 060b 0F1F4400 		.p2align 4,,10
 454      00
 455              		.p2align 3
 456              	.L52:
 457              		.cfi_restore_state
 458 0610 85DB     		testl	%ebx, %ebx
 459 0612 78DC     		js	.L34
 460 0614 488D6C24 		leaq	6(%rsp), %rbp
 460      06
 461 0619 4883EC08 		subq	$8, %rsp
 462              		.cfi_remember_state
 463              		.cfi_def_cfa_offset 56
 464 061d 4531C9   		xorl	%r9d, %r9d
 465 0620 41B81084 		movl	$33808, %r8d
 465      0000
 466 0626 6A00     		pushq	$0
 467              		.cfi_def_cfa_offset 64
 468 0628 B9108400 		movl	$33808, %ecx
 468      00
 469 062d BA108400 		movl	$33808, %edx
 469      00
 470 0632 E95FFFFF 		jmp	.L49
 470      FF
 471 0637 660F1F84 		.p2align 4,,10
 471      00000000 
 471      00
 472              		.p2align 3
 473              	.L43:
 474              		.cfi_restore_state
 475 0640 C6442406 		movb	$65, 6(%rsp)
 475      41
 476              	.L51:
 477 0645 4883EC08 		subq	$8, %rsp
 478              		.cfi_def_cfa_offset 56
 479 0649 B9DFFF00 		movl	$65503, %ecx
 479      00
 480 064e 4531C9   		xorl	%r9d, %r9d
 481 0651 4889EF   		movq	%rbp, %rdi
 482 0654 6A00     		pushq	$0
 483              		.cfi_def_cfa_offset 64
 484 0656 41B800C0 		movl	$49152, %r8d
 484      0000
 485 065c BA00C000 		movl	$49152, %edx
 485      00
 486 0661 E8000000 		call	outline_text@PLT
 486      00
 487 0666 59       		popq	%rcx
 488              		.cfi_def_cfa_offset 56
 489 0667 5E       		popq	%rsi
 490              		.cfi_def_cfa_offset 48
 491 0668 EB86     		jmp	.L34
 492 066a 660F1F44 		.p2align 4,,10
 492      0000
 493              		.p2align 3
 494              	.L44:
 495 0670 C6442406 		movb	$97, 6(%rsp)
 495      61
 496 0675 E953FFFF 		jmp	.L50
 496      FF
 497 067a 660F1F44 		.p2align 4,,10
 497      0000
 498              		.p2align 3
 499              	.L45:
 500 0680 C6442406 		movb	$97, 6(%rsp)
 500      61
 501 0685 EBBE     		jmp	.L51
 502 0687 660F1F84 		.p2align 4,,10
 502      00000000 
 502      00
 503              		.p2align 3
 504              	.L40:
 505 0690 C6442406 		movb	$32, 6(%rsp)
 505      20
 506 0695 4883EC08 		subq	$8, %rsp
 507              		.cfi_def_cfa_offset 56
 508 0699 4889EF   		movq	%rbp, %rdi
 509 069c 4531C9   		xorl	%r9d, %r9d
 510 069f 6A00     		pushq	$0
 511              		.cfi_def_cfa_offset 64
 512 06a1 41B81084 		movl	$33808, %r8d
 512      0000
 513 06a7 B9108400 		movl	$33808, %ecx
 513      00
 514 06ac BA108400 		movl	$33808, %edx
 514      00
 515 06b1 E8000000 		call	outline_text@PLT
 515      00
 516 06b6 5F       		popq	%rdi
 517              		.cfi_def_cfa_offset 56
 518 06b7 4158     		popq	%r8
 519              		.cfi_def_cfa_offset 48
 520 06b9 E932FFFF 		jmp	.L34
 520      FF
 521              	.L53:
 522 06be E8000000 		call	__stack_chk_fail@PLT
 522      00
 523              		.cfi_endproc
 524              	.LFE6513:
 525              		.size	draw_modifier, .-draw_modifier
 526 06c3 66662E0F 		.p2align 4
 526      1F840000 
 526      00000066 
 526      90
 527              		.globl	draw_splits
 528              		.type	draw_splits, @function
 529              	draw_splits:
 530              	.LFB6514:
 531              		.cfi_startproc
 532 06d0 F30F1EFA 		endbr64
 533 06d4 4883EC38 		subq	$56, %rsp
 534              		.cfi_def_cfa_offset 64
 535 06d8 64488B04 		movq	%fs:40, %rax
 535      25280000 
 535      00
 536 06e1 48894424 		movq	%rax, 40(%rsp)
 536      28
 537 06e6 31C0     		xorl	%eax, %eax
 538 06e8 4863C6   		movslq	%esi, %rax
 539 06eb 488D0480 		leaq	(%rax,%rax,4), %rax
 540 06ef 488D04C7 		leaq	(%rdi,%rax,8), %rax
 541 06f3 F30F6F00 		movdqu	(%rax), %xmm0
 542 06f7 F30F6F48 		movdqu	16(%rax), %xmm1
 542      10
 543 06fc 488B4820 		movq	32(%rax), %rcx
 544 0700 8B500C   		movl	12(%rax), %edx
 545 0703 0F290424 		movaps	%xmm0, (%rsp)
 546 0707 48894C24 		movq	%rcx, 32(%rsp)
 546      20
 547 070c 0F294C24 		movaps	%xmm1, 16(%rsp)
 547      10
 548 0711 85D2     		testl	%edx, %edx
 549 0713 743B     		je	.L54
 550 0715 488B4C24 		movq	40(%rsp), %rcx
 550      28
 551 071a 64482B0C 		subq	%fs:40, %rcx
 551      25280000 
 551      00
 552 0723 7540     		jne	.L59
 553 0725 48634010 		movslq	16(%rax), %rax
 554 0729 89F2     		movl	%esi, %edx
 555 072b 4889FE   		movq	%rdi, %rsi
 556 072e BF020000 		movl	$2, %edi
 556      00
 557 0733 4883F001 		xorq	$1, %rax
 558 0737 48634CC4 		movslq	20(%rsp,%rax,8), %rcx
 558      14
 559 073c 488D0500 		leaq	menu_functions(%rip), %rax
 559      000000
 560 0743 488B04C8 		movq	(%rax,%rcx,8), %rax
 561 0747 31C9     		xorl	%ecx, %ecx
 562 0749 4883C438 		addq	$56, %rsp
 563              		.cfi_remember_state
 564              		.cfi_def_cfa_offset 8
 565 074d FFE0     		jmp	*%rax
 566 074f 90       		.p2align 4,,10
 567              		.p2align 3
 568              	.L54:
 569              		.cfi_restore_state
 570 0750 488B4424 		movq	40(%rsp), %rax
 570      28
 571 0755 64482B04 		subq	%fs:40, %rax
 571      25280000 
 571      00
 572 075e 7505     		jne	.L59
 573 0760 4883C438 		addq	$56, %rsp
 574              		.cfi_remember_state
 575              		.cfi_def_cfa_offset 8
 576 0764 C3       		ret
 577              	.L59:
 578              		.cfi_restore_state
 579 0765 E8000000 		call	__stack_chk_fail@PLT
 579      00
 580              		.cfi_endproc
 581              	.LFE6514:
 582              		.size	draw_splits, .-draw_splits
 583 076a 660F1F44 		.p2align 4
 583      0000
 584              		.globl	draw_manager
 585              		.type	draw_manager, @function
 586              	draw_manager:
 587              	.LFB6515:
 588              		.cfi_startproc
 589 0770 F30F1EFA 		endbr64
 590 0774 4157     		pushq	%r15
 591              		.cfi_def_cfa_offset 16
 592              		.cfi_offset 15, -16
 593 0776 4156     		pushq	%r14
 594              		.cfi_def_cfa_offset 24
 595              		.cfi_offset 14, -24
 596 0778 4189D6   		movl	%edx, %r14d
 597 077b 4155     		pushq	%r13
 598              		.cfi_def_cfa_offset 32
 599              		.cfi_offset 13, -32
 600 077d 4C8D2D00 		leaq	manager_colors(%rip), %r13
 600      000000
 601 0784 4154     		pushq	%r12
 602              		.cfi_def_cfa_offset 40
 603              		.cfi_offset 12, -40
 604 0786 4989FC   		movq	%rdi, %r12
 605 0789 31FF     		xorl	%edi, %edi
 606 078b 55       		pushq	%rbp
 607              		.cfi_def_cfa_offset 48
 608              		.cfi_offset 6, -48
 609 078c BD120000 		movl	$18, %ebp
 609      00
 610 0791 53       		pushq	%rbx
 611              		.cfi_def_cfa_offset 56
 612              		.cfi_offset 3, -56
 613 0792 89F3     		movl	%esi, %ebx
 614 0794 4883EC08 		subq	$8, %rsp
 615              		.cfi_def_cfa_offset 64
 616 0798 E8000000 		call	dclear@PLT
 616      00
 617 079d 41B91084 		movl	$33808, %r9d
 617      0000
 618 07a3 31F6     		xorl	%esi, %esi
 619 07a5 31FF     		xorl	%edi, %edi
 620 07a7 41B81084 		movl	$33808, %r8d
 620      0000
 621 07ad B90C0000 		movl	$12, %ecx
 621      00
 622 07b2 BA120000 		movl	$18, %edx
 622      00
 623 07b7 E8000000 		call	draw_rect@PLT
 623      00
 624 07bc 89DF     		movl	%ebx, %edi
 625 07be 31DB     		xorl	%ebx, %ebx
 626 07c0 E8000000 		call	draw_modifier
 626      00
 627 07c5 EB3B     		jmp	.L69
 628 07c7 660F1F84 		.p2align 4,,10
 628      00000000 
 628      00
 629              		.p2align 3
 630              	.L61:
 631 07d0 4883EC08 		subq	$8, %rsp
 632              		.cfi_def_cfa_offset 72
 633 07d4 31D2     		xorl	%edx, %edx
 634 07d6 4889EE   		movq	%rbp, %rsi
 635 07d9 4531C9   		xorl	%r9d, %r9d
 636 07dc 6A00     		pushq	$0
 637              		.cfi_def_cfa_offset 80
 638 07de 4531C0   		xorl	%r8d, %r8d
 639 07e1 4C89E7   		movq	%r12, %rdi
 640 07e4 E8000000 		call	outline_text@PLT
 640      00
 641 07e9 4889C5   		movq	%rax, %rbp
 642 07ec 58       		popq	%rax
 643              		.cfi_def_cfa_offset 72
 644 07ed 5A       		popq	%rdx
 645              		.cfi_def_cfa_offset 64
 646              	.L66:
 647 07ee 83C301   		addl	$1, %ebx
 648 07f1 4983C502 		addq	$2, %r13
 649 07f5 4983C428 		addq	$40, %r12
 650 07f9 83FB06   		cmpl	$6, %ebx
 651 07fc 0F84DE00 		je	.L76
 651      0000
 652              	.L69:
 653 0802 410FB74D 		movzwl	0(%r13), %ecx
 653      00
 654 0807 4139DE   		cmpl	%ebx, %r14d
 655 080a 75C4     		jne	.L61
 656 080c 4883EC08 		subq	$8, %rsp
 657              		.cfi_def_cfa_offset 72
 658 0810 4889EE   		movq	%rbp, %rsi
 659 0813 4531C9   		xorl	%r9d, %r9d
 660 0816 41B8DFFF 		movl	$-33, %r8d
 660      FFFF
 661 081c 6A00     		pushq	$0
 662              		.cfi_def_cfa_offset 80
 663 081e BADFFFFF 		movl	$-33, %edx
 663      FF
 664 0823 4C89E7   		movq	%r12, %rdi
 665 0826 E8000000 		call	outline_text@PLT
 665      00
 666 082b 415B     		popq	%r11
 667              		.cfi_def_cfa_offset 72
 668 082d 415F     		popq	%r15
 669              		.cfi_def_cfa_offset 64
 670 082f 4531FF   		xorl	%r15d, %r15d
 671 0832 4889C5   		movq	%rax, %rbp
 672              	.L62:
 673 0835 4489FA   		movl	%r15d, %edx
 674 0838 450FB745 		movzwl	0(%r13), %r8d
 674      00
 675 083d 418D770C 		leal	12(%r15), %esi
 676 0841 4489FF   		movl	%r15d, %edi
 677 0844 F7DA     		negl	%edx
 678 0846 41B9FFFF 		movl	$-1, %r9d
 678      FFFF
 679 084c 4183C701 		addl	$1, %r15d
 680 0850 01D2     		addl	%edx, %edx
 681 0852 8D8AD400 		leal	212(%rdx), %ecx
 681      0000
 682 0858 81C28C01 		addl	$396, %edx
 682      0000
 683 085e E8000000 		call	draw_rect@PLT
 683      00
 684 0863 4183FF04 		cmpl	$4, %r15d
 685 0867 75CC     		jne	.L62
 686 0869 418B4424 		movl	12(%r12), %eax
 686      0C
 687 086e 83F801   		cmpl	$1, %eax
 688 0871 747D     		je	.L77
 689 0873 83F802   		cmpl	$2, %eax
 690 0876 0F8572FF 		jne	.L66
 690      FFFF
 691 087c 41BFC400 		movl	$196, %r15d
 691      0000
 692              	.L67:
 693 0882 410FBF4D 		movswl	0(%r13), %ecx
 693      00
 694 0887 4489FF   		movl	%r15d, %edi
 695 088a BADB0000 		movl	$219, %edx
 695      00
 696 088f BE100000 		movl	$16, %esi
 696      00
 697 0894 4183C701 		addl	$1, %r15d
 698 0898 E8000000 		call	draw_line_vert@PLT
 698      00
 699 089d 4181FFC8 		cmpl	$200, %r15d
 699      000000
 700 08a4 75DC     		jne	.L67
 701 08a6 418B7C24 		movl	16(%r12), %edi
 701      10
 702 08ab 41B9FFFF 		movl	$-1, %r9d
 702      FFFF
 703 08b1 41B8DFFF 		movl	$65503, %r8d
 703      0000
 704 08b7 B9D00000 		movl	$208, %ecx
 704      00
 705 08bc BAC40000 		movl	$196, %edx
 705      00
 706 08c1 BE0E0000 		movl	$14, %esi
 706      00
 707 08c6 85FF     		testl	%edi, %edi
 708 08c8 0F859100 		jne	.L68
 708      0000
 709 08ce BF020000 		movl	$2, %edi
 709      00
 710 08d3 E8000000 		call	draw_rect@PLT
 710      00
 711 08d8 E911FFFF 		jmp	.L66
 711      FF
 712 08dd 0F1F00   		.p2align 4,,10
 713              		.p2align 3
 714              	.L76:
 715 08e0 4883C408 		addq	$8, %rsp
 716              		.cfi_remember_state
 717              		.cfi_def_cfa_offset 56
 718 08e4 5B       		popq	%rbx
 719              		.cfi_def_cfa_offset 48
 720 08e5 5D       		popq	%rbp
 721              		.cfi_def_cfa_offset 40
 722 08e6 415C     		popq	%r12
 723              		.cfi_def_cfa_offset 32
 724 08e8 415D     		popq	%r13
 725              		.cfi_def_cfa_offset 24
 726 08ea 415E     		popq	%r14
 727              		.cfi_def_cfa_offset 16
 728 08ec 415F     		popq	%r15
 729              		.cfi_def_cfa_offset 8
 730 08ee C3       		ret
 731 08ef 90       		.p2align 4,,10
 732              		.p2align 3
 733              	.L77:
 734              		.cfi_restore_state
 735 08f0 41BF7400 		movl	$116, %r15d
 735      0000
 736              	.L64:
 737 08f6 410FBF4D 		movswl	0(%r13), %ecx
 737      00
 738 08fb 4489FA   		movl	%r15d, %edx
 739 08fe BE870100 		movl	$391, %esi
 739      00
 740 0903 BF040000 		movl	$4, %edi
 740      00
 741 0908 4183C701 		addl	$1, %r15d
 742 090c E8000000 		call	draw_line_horz@PLT
 742      00
 743 0911 4183FF78 		cmpl	$120, %r15d
 744 0915 75DF     		jne	.L64
 745 0917 458B5424 		movl	16(%r12), %r10d
 745      10
 746 091c 41B9FFFF 		movl	$-1, %r9d
 746      FFFF
 747 0922 41B8DFFF 		movl	$65503, %r8d
 747      0000
 748 0928 B9680000 		movl	$104, %ecx
 748      00
 749 092d BA880100 		movl	$392, %edx
 749      00
 750 0932 4585D2   		testl	%r10d, %r10d
 751 0935 7514     		jne	.L65
 752 0937 BE0E0000 		movl	$14, %esi
 752      00
 753 093c BF020000 		movl	$2, %edi
 753      00
 754 0941 E8000000 		call	draw_rect@PLT
 754      00
 755 0946 E9A3FEFF 		jmp	.L66
 755      FF
 756              	.L65:
 757 094b BE760000 		movl	$118, %esi
 757      00
 758 0950 BF020000 		movl	$2, %edi
 758      00
 759 0955 E8000000 		call	draw_rect@PLT
 759      00
 760 095a E98FFEFF 		jmp	.L66
 760      FF
 761              	.L68:
 762 095f BFC60000 		movl	$198, %edi
 762      00
 763 0964 E8000000 		call	draw_rect@PLT
 763      00
 764 0969 E980FEFF 		jmp	.L66
 764      FF
 765              		.cfi_endproc
 766              	.LFE6515:
 767              		.size	draw_manager, .-draw_manager
 768 096e 6690     		.p2align 4
 769              		.globl	window_pos
 770              		.type	window_pos, @function
 771              	window_pos:
 772              	.LFB6516:
 773              		.cfi_startproc
 774 0970 F30F1EFA 		endbr64
 775 0974 8B442418 		movl	24(%rsp), %eax
 776 0978 89C2     		movl	%eax, %edx
 777 097a 83F201   		xorl	$1, %edx
 778 097d 4084FF   		testb	%dil, %dil
 779 0980 0F44C2   		cmove	%edx, %eax
 780 0983 8B542414 		movl	20(%rsp), %edx
 781 0987 83FA01   		cmpl	$1, %edx
 782 098a 7454     		je	.L80
 783 098c 83FA02   		cmpl	$2, %edx
 784 098f 742F     		je	.L81
 785 0991 85D2     		testl	%edx, %edx
 786 0993 B8100000 		movl	$16, %eax
 786      00
 787 0998 BA000000 		movl	$0, %edx
 787      00
 788 099d B9040000 		movl	$4, %ecx
 788      00
 789 09a2 0F44D0   		cmove	%eax, %edx
 790 09a5 B8000000 		movl	$0, %eax
 790      00
 791 09aa 480F44C1 		cmove	%rcx, %rax
 792 09ae 48C1E220 		salq	$32, %rdx
 793 09b2 4809D0   		orq	%rdx, %rax
 794 09b5 C3       		ret
 795 09b6 662E0F1F 		.p2align 4,,10
 795      84000000 
 795      0000
 796              		.p2align 3
 797              	.L81:
 798 09c0 83F801   		cmpl	$1, %eax
 799 09c3 BA100000 		movl	$16, %edx
 799      00
 800 09c8 19C0     		sbbl	%eax, %eax
 801 09ca 48C1E220 		salq	$32, %rdx
 802 09ce 243C     		andb	$60, %al
 803 09d0 05C80000 		addl	$200, %eax
 803      00
 804 09d5 4809D0   		orq	%rdx, %rax
 805 09d8 C3       		ret
 806 09d9 0F1F8000 		.p2align 4,,10
 806      000000
 807              		.p2align 3
 808              	.L80:
 809 09e0 83F801   		cmpl	$1, %eax
 810 09e3 B8040000 		movl	$4, %eax
 810      00
 811 09e8 19D2     		sbbl	%edx, %edx
 812 09ea 83E298   		andl	$-104, %edx
 813 09ed 83C278   		addl	$120, %edx
 814 09f0 48C1E220 		salq	$32, %rdx
 815 09f4 4809D0   		orq	%rdx, %rax
 816 09f7 C3       		ret
 817              		.cfi_endproc
 818              	.LFE6516:
 819              		.size	window_pos, .-window_pos
 820 09f8 0F1F8400 		.p2align 4
 820      00000000 
 821              		.globl	window_width
 822              		.type	window_width, @function
 823              	window_width:
 824              	.LFB6517:
 825              		.cfi_startproc
 826 0a00 F30F1EFA 		endbr64
 827 0a04 8B442414 		movl	20(%rsp), %eax
 828 0a08 83F801   		cmpl	$1, %eax
 829 0a0b 7E13     		jle	.L91
 830 0a0d 83F802   		cmpl	$2, %eax
 831 0a10 BAC00000 		movl	$192, %edx
 831      00
 832 0a15 B8000000 		movl	$0, %eax
 832      00
 833 0a1a 0F44C2   		cmove	%edx, %eax
 834 0a1d C3       		ret
 835 0a1e 6690     		.p2align 4,,10
 836              		.p2align 3
 837              	.L91:
 838 0a20 C1F81F   		sarl	$31, %eax
 839 0a23 F7D0     		notl	%eax
 840 0a25 25840100 		andl	$388, %eax
 840      00
 841 0a2a C3       		ret
 842              		.cfi_endproc
 843              	.LFE6517:
 844              		.size	window_width, .-window_width
 845 0a2b 0F1F4400 		.p2align 4
 845      00
 846              		.globl	window_height
 847              		.type	window_height, @function
 848              	window_height:
 849              	.LFB6518:
 850              		.cfi_startproc
 851 0a30 F30F1EFA 		endbr64
 852 0a34 8B542414 		movl	20(%rsp), %edx
 853 0a38 B8640000 		movl	$100, %eax
 853      00
 854 0a3d 83FA01   		cmpl	$1, %edx
 855 0a40 740D     		je	.L92
 856 0a42 83E2FD   		andl	$-3, %edx
 857 0a45 83FA01   		cmpl	$1, %edx
 858 0a48 19C0     		sbbl	%eax, %eax
 859 0a4a 25CC0000 		andl	$204, %eax
 859      00
 860              	.L92:
 861 0a4f C3       		ret
 862              		.cfi_endproc
 863              	.LFE6518:
 864              		.size	window_height, .-window_height
 865              		.globl	manager_colors
 866              		.data
 867              		.align 8
 868              		.type	manager_colors, @object
 869              		.size	manager_colors, 12
 870              	manager_colors:
 871 0000 1002     		.value	528
 872 0002 0044     		.value	17408
 873 0004 0084     		.value	-31744
 874 0006 0082     		.value	-32256
 875 0008 0080     		.value	-32768
 876 000a 1080     		.value	-32752
 877              		.section	.rodata.cst8,"aM",@progbits,8
 878              		.align 8
 879              	.LC0:
 880 0000 31       		.byte	49
 881 0001 3A       		.byte	58
 882 0002 20       		.byte	32
 883 0003 20       		.byte	32
 884 0004 20       		.byte	32
 885 0005 20       		.byte	32
 886 0006 20       		.byte	32
 887 0007 20       		.byte	32
 888              		.set	.LC1,.LC0+2
 889              		.section	.rodata.cst16,"aM",@progbits,16
 890              		.align 16
 891              	.LC2:
 892 0000 00000000 		.long	0
 893 0004 00000000 		.long	0
 894 0008 08000000 		.long	8
 895 000c 00000000 		.long	0
 896              		.set	.LC3,.LC2+8
 897              		.section	.rodata.cst8
 898              		.align 8
 899              	.LC4:
 900 0008 32       		.byte	50
 901 0009 3A       		.byte	58
 902 000a 20       		.byte	32
 903 000b 20       		.byte	32
 904 000c 20       		.byte	32
 905 000d 20       		.byte	32
 906 000e 20       		.byte	32
 907 000f 20       		.byte	32
 908              		.align 8
 909              	.LC5:
 910 0010 33       		.byte	51
 911 0011 3A       		.byte	58
 912 0012 20       		.byte	32
 913 0013 20       		.byte	32
 914 0014 20       		.byte	32
 915 0015 20       		.byte	32
 916 0016 20       		.byte	32
 917 0017 20       		.byte	32
 918              		.align 8
 919              	.LC6:
 920 0018 34       		.byte	52
 921 0019 3A       		.byte	58
 922 001a 20       		.byte	32
 923 001b 20       		.byte	32
 924 001c 20       		.byte	32
 925 001d 20       		.byte	32
 926 001e 20       		.byte	32
 927 001f 20       		.byte	32
 928              		.align 8
 929              	.LC7:
 930 0020 35       		.byte	53
 931 0021 3A       		.byte	58
 932 0022 20       		.byte	32
 933 0023 20       		.byte	32
 934 0024 20       		.byte	32
 935 0025 20       		.byte	32
 936 0026 20       		.byte	32
 937 0027 20       		.byte	32
 938              		.align 8
 939              	.LC8:
 940 0028 36       		.byte	54
 941 0029 3A       		.byte	58
 942 002a 20       		.byte	32
 943 002b 20       		.byte	32
 944 002c 20       		.byte	32
 945 002d 20       		.byte	32
 946 002e 20       		.byte	32
 947 002f 20       		.byte	32
 948              		.section	.rodata.cst16
 949              		.align 16
 950              	.LC9:
 951 0010 01000000 		.long	1
 952 0014 00000000 		.long	0
 953 0018 08000000 		.long	8
 954 001c 00000000 		.long	0
 955              		.align 16
 956              	.LC10:
 957 0020 01000000 		.long	1
 958 0024 01000000 		.long	1
 959 0028 08000000 		.long	8
 960 002c 00000000 		.long	0
 961              		.align 16
 962              	.LC11:
 963 0030 02000000 		.long	2
 964 0034 00000000 		.long	0
 965 0038 08000000 		.long	8
 966 003c 00000000 		.long	0
 967              		.align 16
 968              	.LC12:
 969 0040 02000000 		.long	2
 970 0044 01000000 		.long	1
 971 0048 08000000 		.long	8
 972 004c 00000000 		.long	0
 973              		.ident	"GCC: (Ubuntu 13.3.0-6ubuntu2~24.04) 13.3.0"
 974              		.section	.note.GNU-stack,"",@progbits
 975              		.section	.note.gnu.property,"a"
 976              		.align 8
 977 0000 04000000 		.long	1f - 0f
 978 0004 10000000 		.long	4f - 1f
 979 0008 05000000 		.long	5
 980              	0:
 981 000c 474E5500 		.string	"GNU"
 982              	1:
 983              		.align 8
 984 0010 020000C0 		.long	0xc0000002
 985 0014 04000000 		.long	3f - 2f
 986              	2:
 987 0018 03000000 		.long	0x3
 988              	3:
 989 001c 00000000 		.align 8
 990              	4:
DEFINED SYMBOLS
                            *ABS*:0000000000000000 manager.c
     /tmp/cc2CsMNf.s:6      .text:0000000000000000 window_manager
     /tmp/cc2CsMNf.s:870    .data:0000000000000000 manager_colors
     /tmp/cc2CsMNf.s:360    .text:0000000000000540 draw_modifier
     /tmp/cc2CsMNf.s:529    .text:00000000000006d0 draw_splits
     /tmp/cc2CsMNf.s:586    .text:0000000000000770 draw_manager
     /tmp/cc2CsMNf.s:771    .text:0000000000000970 window_pos
     /tmp/cc2CsMNf.s:823    .text:0000000000000a00 window_width
     /tmp/cc2CsMNf.s:848    .text:0000000000000a30 window_height
     /tmp/cc2CsMNf.s:879    .rodata.cst8:0000000000000002 .LC1
     /tmp/cc2CsMNf.s:879    .rodata.cst8:0000000000000000 .LC0
     /tmp/cc2CsMNf.s:891    .rodata.cst16:0000000000000008 .LC3
     /tmp/cc2CsMNf.s:891    .rodata.cst16:0000000000000000 .LC2
     /tmp/cc2CsMNf.s:899    .rodata.cst8:0000000000000008 .LC4
     /tmp/cc2CsMNf.s:909    .rodata.cst8:0000000000000010 .LC5
     /tmp/cc2CsMNf.s:950    .rodata.cst16:0000000000000010 .LC9
     /tmp/cc2CsMNf.s:919    .rodata.cst8:0000000000000018 .LC6
     /tmp/cc2CsMNf.s:956    .rodata.cst16:0000000000000020 .LC10
     /tmp/cc2CsMNf.s:929    .rodata.cst8:0000000000000020 .LC7
     /tmp/cc2CsMNf.s:962    .rodata.cst16:0000000000000030 .LC11
     /tmp/cc2CsMNf.s:939    .rodata.cst8:0000000000000028 .LC8
     /tmp/cc2CsMNf.s:968    .rodata.cst16:0000000000000040 .LC12

UNDEFINED SYMBOLS
dclear
draw_rect
outline_text
draw_line_vert
menu_functions
dupdate
gint_poweroff
gint_osmenu
draw_line_horz
__stack_chk_fail
